TN:
SF:src/script.js
FN:16,(anonymous_0)
FN:24,(anonymous_1)
FN:26,(anonymous_2)
FN:32,(anonymous_3)
FN:60,(anonymous_4)
FN:68,(anonymous_5)
FN:75,(anonymous_6)
FN:83,(anonymous_7)
FN:117,(anonymous_8)
FN:127,(anonymous_9)
FN:129,(anonymous_10)
FN:131,(anonymous_11)
FN:139,(anonymous_12)
FN:142,(anonymous_13)
FN:143,(anonymous_14)
FN:149,(anonymous_15)
FN:152,(anonymous_16)
FN:156,(anonymous_17)
FN:158,(anonymous_18)
FN:161,(anonymous_19)
FN:171,(anonymous_20)
FNF:21
FNH:0
FNDA:0,(anonymous_0)
FNDA:0,(anonymous_1)
FNDA:0,(anonymous_2)
FNDA:0,(anonymous_3)
FNDA:0,(anonymous_4)
FNDA:0,(anonymous_5)
FNDA:0,(anonymous_6)
FNDA:0,(anonymous_7)
FNDA:0,(anonymous_8)
FNDA:0,(anonymous_9)
FNDA:0,(anonymous_10)
FNDA:0,(anonymous_11)
FNDA:0,(anonymous_12)
FNDA:0,(anonymous_13)
FNDA:0,(anonymous_14)
FNDA:0,(anonymous_15)
FNDA:0,(anonymous_16)
FNDA:0,(anonymous_17)
FNDA:0,(anonymous_18)
FNDA:0,(anonymous_19)
FNDA:0,(anonymous_20)
DA:16,1
DA:17,0
DA:18,0
DA:19,0
DA:20,0
DA:24,1
DA:25,0
DA:26,0
DA:27,0
DA:32,1
DA:34,0
DA:35,0
DA:36,0
DA:37,0
DA:38,0
DA:39,0
DA:42,0
DA:43,0
DA:44,0
DA:45,0
DA:46,0
DA:47,0
DA:48,0
DA:49,0
DA:50,0
DA:52,0
DA:53,0
DA:54,0
DA:55,0
DA:56,0
DA:60,1
DA:61,0
DA:62,0
DA:63,0
DA:64,0
DA:68,1
DA:69,0
DA:70,0
DA:71,0
DA:75,1
DA:76,0
DA:77,0
DA:78,0
DA:79,0
DA:83,1
DA:85,0
DA:86,0
DA:87,0
DA:88,0
DA:89,0
DA:90,0
DA:91,0
DA:93,0
DA:94,0
DA:95,0
DA:96,0
DA:97,0
DA:98,0
DA:99,0
DA:100,0
DA:101,0
DA:102,0
DA:104,0
DA:105,0
DA:106,0
DA:107,0
DA:108,0
DA:109,0
DA:111,0
DA:112,0
DA:113,0
DA:117,1
DA:118,0
DA:119,0
DA:120,0
DA:121,0
DA:122,0
DA:123,0
DA:127,1
DA:128,0
DA:129,0
DA:130,0
DA:131,0
DA:132,0
DA:133,0
DA:134,0
DA:135,0
DA:139,1
DA:140,0
DA:141,0
DA:142,0
DA:143,0
DA:144,0
DA:145,0
DA:149,1
DA:150,0
DA:151,0
DA:152,0
DA:153,0
DA:156,1
DA:157,0
DA:158,0
DA:161,1
DA:163,0
DA:164,0
DA:165,0
DA:166,0
DA:167,0
DA:168,0
DA:171,1
DA:173,0
DA:174,0
DA:175,0
DA:177,1
DA:188,1
DA:189,1
LF:116
LH:17
BRDA:157,0,0,0
BRDA:157,0,1,0
BRDA:188,1,0,1
BRDA:188,1,1,0
BRF:4
BRH:1
end_of_record
